#
# A fatal error has been detected by the Java Runtime Environment:
#
#  EXCEPTION_ACCESS_VIOLATION (0xc0000005) at pc=0x00007ffed0e74427, pid=11968, tid=1832
#
# JRE version: Java(TM) SE Runtime Environment (18.0.1.1+2) (build 18.0.1.1+2-6)
# Java VM: Java HotSpot(TM) 64-Bit Server VM (18.0.1.1+2-6, mixed mode, sharing, tiered, compressed oops, compressed class ptrs, g1 gc, windows-amd64)
# Problematic frame:
# C  [openbabel-3.dll+0x24427]
#
# No core dump will be written. Minidumps are not enabled by default on client versions of Windows
#
# If you would like to submit a bug report, please visit:
#   https://bugreport.java.com/bugreport/crash.jsp
# The crash happened outside the Java Virtual Machine in native code.
# See problematic frame for where to report the bug.
#

---------------  S U M M A R Y ------------

Command Line: -javaagent:C:\Program Files\JetBrains\IntelliJ IDEA Community Edition 2022.2\lib\idea_rt.jar=50912:C:\Program Files\JetBrains\IntelliJ IDEA Community Edition 2022.2\bin -Dfile.encoding=UTF-8 -Dsun.stdout.encoding=UTF-8 -Dsun.stderr.encoding=UTF-8 scripts.test.openbabel.OBConvert

Host: AMD Ryzen 7 5700U with Radeon Graphics         , 16 cores, 11G,  Windows 11 , 64 bit Build 22000 (10.0.22000.708)
Time: Tue Sep 20 18:47:14 2022 Tocantins Standard Time elapsed time: 0.397069 seconds (0d 0h 0m 0s)

---------------  T H R E A D  ---------------

Current thread (0x00000196376c1b10):  JavaThread "main" [_thread_in_native, id=1832, stack(0x000000041ef00000,0x000000041f000000)]

Stack: [0x000000041ef00000,0x000000041f000000],  sp=0x000000041effe8e8,  free space=1018k
Native frames: (J=compiled Java code, j=interpreted, Vv=VM code, C=native code)
C  [openbabel-3.dll+0x24427]

Java frames: (J=compiled Java code, j=interpreted, Vv=VM code)
j  org.openbabel.openbabel_javaJNI.OBBuilder_Build__SWIG_1(JLorg/openbabel/OBBuilder;JLorg/openbabel/OBMol;)Z+0
j  org.openbabel.OBBuilder.Build(Lorg/openbabel/OBMol;)Z+10
j  scripts.test.openbabel.OBConvert.run(Ljava/lang/String;)V+51
j  scripts.test.openbabel.OBConvert.run()V+3
j  scripts.test.openbabel.OBConvert.main([Ljava/lang/String;)V+17
v  ~StubRoutines::call_stub

siginfo: EXCEPTION_ACCESS_VIOLATION (0xc0000005), reading address 0x0000000000000000


Register to memory mapping:

RIP=0x00007ffed0e74427 openbabel-3.dll
RAX=0x000000041effebd8 is pointing into the stack for thread: 0x00000196376c1b10
RBX=0x0 is NULL
RCX=0x000001965e75ae70 points into unknown readable memory: 0x00007ffed0fd1738 | 38 17 fd d0 fe 7f 00 00
RDX=0x0 is NULL
RSP=0x000000041effe8e8 is pointing into the stack for thread: 0x00000196376c1b10
RBP=0x000000041effe9f0 is pointing into the stack for thread: 0x00000196376c1b10
RSI=0x000001965f379c58 points into unknown readable memory: 0x000001965f3799e4 | e4 99 37 5f 96 01 00 00
RDI=0x000001965f3799d0 points into unknown readable memory: 0x0000000200000001 | 01 00 00 00 02 00 00 00
R8 =0x0000019637471440 points into unknown readable memory: 0x0000019637470cc0 | c0 0c 47 37 96 01 00 00
R9 =0x0 is NULL
R10=0x0000019637470000 points into unknown readable memory: 0x0000000000000000 | 00 00 00 00 00 00 00 00
R11=0x000000041effe8b0 is pointing into the stack for thread: 0x00000196376c1b10
R12=0x0 is NULL
R13=0x0 is NULL
R14=0x000001965e75d130 points into unknown readable memory: 0x00007ffeee095c98 | 98 5c 09 ee fe 7f 00 00
R15=0x000001965e7afbb0 points into unknown readable memory: 0x00007ffed0fef228 | 28 f2 fe d0 fe 7f 00 00


Registers:
RAX=0x000000041effebd8, RBX=0x0000000000000000, RCX=0x000001965e75ae70, RDX=0x0000000000000000
RSP=0x000000041effe8e8, RBP=0x000000041effe9f0, RSI=0x000001965f379c58, RDI=0x000001965f3799d0
R8 =0x0000019637471440, R9 =0x0000000000000000, R10=0x0000019637470000, R11=0x000000041effe8b0
R12=0x0000000000000000, R13=0x0000000000000000, R14=0x000001965e75d130, R15=0x000001965e7afbb0
RIP=0x00007ffed0e74427, EFLAGS=0x0000000000010206

Top of Stack: (sp=0x000000041effe8e8)
0x000000041effe8e8:   00007ffed0e808b3 000001965f3799e4
0x000000041effe8f8:   000001965f379c58 0000000000000007
0x000000041effe908:   000001965e5c26b0 0000000000000001
0x000000041effe918:   0000000000000000 0000000000000000
0x000000041effe928:   00000030ffffffff 000000041e01ee01
0x000000041effe938:   000000041effea68 000001965e75d130
0x000000041effe948:   000000000000000a 000001965e812fe0
0x000000041effe958:   000001965e813008 000001965e813008
0x000000041effe968:   000001965f379c50 000001965f379c68
0x000000041effe978:   000001965f379c68 000001965e7afbb0
0x000000041effe988:   000000000000000a 000001965e812290
0x000000041effe998:   000001965e8122b8 000001965e8122b8
0x000000041effe9a8:   000001965e7afbb0 000001965e7afcd0
0x000000041effe9b8:   000001965e7afcd0 0000000000000000
0x000000041effe9c8:   0000000000000000 0000000000000000
0x000000041effe9d8:   000000000000000a 000001965e812f80 

Instructions: (pc=0x00007ffed0e74427)
0x00007ffed0e74327:   00 75 f6 48 83 c1 38 e9 9d 39 ff ff cc cc cc cc
0x00007ffed0e74337:   cc cc cc cc cc cc cc cc cc 48 89 5c 24 08 57 48
0x00007ffed0e74347:   83 ec 20 48 83 7a 18 10 48 8b da 48 8b f9 72 03
0x00007ffed0e74357:   48 8b 12 48 83 c1 22 41 b8 05 00 00 00 ff 15 06
0x00007ffed0e74367:   b4 15 00 80 7f 20 01 c6 47 27 00 75 18 48 83 7b
0x00007ffed0e74377:   18 10 72 03 48 8b 1b 80 3b 44 75 09 b8 02 00 00
0x00007ffed0e74387:   00 66 89 47 2a 48 8b 5c 24 30 48 83 c4 20 5f c3
0x00007ffed0e74397:   cc cc cc cc cc cc cc cc cc 48 89 5c 24 08 57 48
0x00007ffed0e743a7:   83 ec 20 48 8b d9 41 b8 05 00 00 00 48 83 c1 22
0x00007ffed0e743b7:   48 8b fa ff 15 b0 b3 15 00 80 7b 20 01 c6 43 27
0x00007ffed0e743c7:   00 75 0e 80 3f 44 75 09 b8 02 00 00 00 66 89 43
0x00007ffed0e743d7:   2a 48 8b 5c 24 30 48 83 c4 20 5f c3 cc cc cc cc
0x00007ffed0e743e7:   cc cc cc cc cc cc cc cc cc f2 0f 10 44 24 28 f2
0x00007ffed0e743f7:   0f 11 09 f2 0f 58 ca f2 0f 11 51 08 f2 0f 11 59
0x00007ffed0e74407:   10 f2 0f 11 41 28 f2 0f 58 cb f2 0f 11 49 18 c3
0x00007ffed0e74417:   cc cc cc cc cc cc cc cc cc 48 8b 41 68 4c 8b ca
0x00007ffed0e74427:   f2 0f 10 02 4c 8b c1 48 85 c0 75 19 f2 0f 11 41
0x00007ffed0e74437:   70 48 8b 42 08 48 89 41 78 48 8b 42 10 48 89 81
0x00007ffed0e74447:   80 00 00 00 c3 8b 49 58 48 8b 00 f2 0f 11 04 c8
0x00007ffed0e74457:   49 8b 40 68 41 8b 50 58 ff c2 48 8b 08 49 8b 41
0x00007ffed0e74467:   08 48 89 04 d1 49 8b 40 68 41 8b 50 58 83 c2 02
0x00007ffed0e74477:   48 8b 08 49 8b 41 10 48 89 04 d1 c3 cc cc cc cc
0x00007ffed0e74487:   cc cc cc cc cc cc cc cc cc 48 8b 41 68 4c 8b c1
0x00007ffed0e74497:   48 85 c0 75 13 f2 0f 11 49 70 f2 0f 11 51 78 f2
0x00007ffed0e744a7:   0f 11 99 80 00 00 00 c3 8b 49 58 48 8b 00 f2 0f
0x00007ffed0e744b7:   11 0c c8 49 8b 40 68 41 8b 50 58 ff c2 48 8b 08
0x00007ffed0e744c7:   f2 0f 11 14 d1 49 8b 40 68 41 8b 50 58 83 c2 02
0x00007ffed0e744d7:   48 8b 08 f2 0f 11 1c d1 c3 4c 8b 41 68 4d 85 c0
0x00007ffed0e744e7:   74 30 44 8b 49 58 4d 8b 00 41 8d 41 02 f2 41 0f
0x00007ffed0e744f7:   10 0c c0 41 8d 41 01 f2 41 0f 10 04 c0 4b 8b 04
0x00007ffed0e74507:   c8 48 89 41 70 f2 0f 11 41 78 f2 0f 11 89 80 00
0x00007ffed0e74517:   00 00 c3 cc cc cc cc cc cc 48 89 74 24 18 57 48 


Stack slot to memory mapping:
stack at sp + 0 slots: 0x00007ffed0e808b3 openbabel-3.dll
stack at sp + 1 slots: 0x000001965f3799e4 points into unknown readable memory: 00 00 00 00
stack at sp + 2 slots: 0x000001965f379c58 points into unknown readable memory: 0x000001965f3799e4 | e4 99 37 5f 96 01 00 00
stack at sp + 3 slots: 0x0000000000000007 is an unknown value
stack at sp + 4 slots: 0x000001965e5c26b0 points into unknown readable memory: 0x0000000000000000 | 00 00 00 00 00 00 00 00
stack at sp + 5 slots: 0x0000000000000001 is an unknown value
stack at sp + 6 slots: 0x0 is NULL
stack at sp + 7 slots: 0x0 is NULL


---------------  P R O C E S S  ---------------

Threads class SMR info:
_java_thread_list=0x000001965e736fe0, length=16, elements={
0x00000196376c1b10, 0x000001965a2e5f50, 0x000001965a2e6800, 0x000001965a304880,
0x000001965a305130, 0x000001965a3059e0, 0x000001965a30a2a0, 0x000001965a30ae80,
0x000001965a30c780, 0x000001965a31e1d0, 0x000001965e586f00, 0x000001965e58ec20,
0x000001965e591130, 0x000001965e5c19e0, 0x000001965e73a470, 0x000001965e743dc0
}

Java Threads: ( => current thread )
=>0x00000196376c1b10 JavaThread "main" [_thread_in_native, id=1832, stack(0x000000041ef00000,0x000000041f000000)]
  0x000001965a2e5f50 JavaThread "Reference Handler" daemon [_thread_blocked, id=8152, stack(0x000000041f600000,0x000000041f700000)]
  0x000001965a2e6800 JavaThread "Finalizer" daemon [_thread_blocked, id=9380, stack(0x000000041f700000,0x000000041f800000)]
  0x000001965a304880 JavaThread "Signal Dispatcher" daemon [_thread_blocked, id=12836, stack(0x000000041f800000,0x000000041f900000)]
  0x000001965a305130 JavaThread "Attach Listener" daemon [_thread_blocked, id=14732, stack(0x000000041f900000,0x000000041fa00000)]
  0x000001965a3059e0 JavaThread "Service Thread" daemon [_thread_blocked, id=6156, stack(0x000000041fa00000,0x000000041fb00000)]
  0x000001965a30a2a0 JavaThread "Monitor Deflation Thread" daemon [_thread_blocked, id=7332, stack(0x000000041fb00000,0x000000041fc00000)]
  0x000001965a30ae80 JavaThread "C2 CompilerThread0" daemon [_thread_blocked, id=9256, stack(0x000000041fc00000,0x000000041fd00000)]
  0x000001965a30c780 JavaThread "C1 CompilerThread0" daemon [_thread_blocked, id=9920, stack(0x000000041fd00000,0x000000041fe00000)]
  0x000001965a31e1d0 JavaThread "Sweeper thread" daemon [_thread_blocked, id=8364, stack(0x000000041fe00000,0x000000041ff00000)]
  0x000001965e586f00 JavaThread "Common-Cleaner" daemon [_thread_blocked, id=12880, stack(0x000000041ff00000,0x0000000420000000)]
  0x000001965e58ec20 JavaThread "C1 CompilerThread1" daemon [_thread_blocked, id=14816, stack(0x0000000420000000,0x0000000420100000)]
  0x000001965e591130 JavaThread "C1 CompilerThread2" daemon [_thread_blocked, id=9336, stack(0x0000000420100000,0x0000000420200000)]
  0x000001965e5c19e0 JavaThread "C1 CompilerThread3" daemon [_thread_blocked, id=10844, stack(0x0000000420200000,0x0000000420300000)]
  0x000001965e73a470 JavaThread "Monitor Ctrl-Break" daemon [_thread_in_native, id=2448, stack(0x0000000420300000,0x0000000420400000)]
  0x000001965e743dc0 JavaThread "Notification Thread" daemon [_thread_blocked, id=14776, stack(0x0000000420400000,0x0000000420500000)]

Other Threads:
  0x0000019637779f40 VMThread "VM Thread" [stack: 0x000000041f500000,0x000000041f600000] [id=988]
  0x000001965e65ef90 WatcherThread "VM Periodic Task Thread" [stack: 0x0000000420500000,0x0000000420600000] [id=13104]
  0x000001963771d2e0 WorkerThread "GC Thread#0" [stack: 0x000000041f000000,0x000000041f100000] [id=13268]
  0x000001963772a790 ConcurrentGCThread "G1 Main Marker" [stack: 0x000000041f100000,0x000000041f200000] [id=6556]
  0x000001963772b090 WorkerThread "G1 Conc#0" [stack: 0x000000041f200000,0x000000041f300000] [id=10808]
  0x000001963778eb70 ConcurrentGCThread "G1 Refine#0" [stack: 0x000000041f300000,0x000000041f400000] [id=14780]
  0x000001965a19f8e0 ConcurrentGCThread "G1 Service" [stack: 0x000000041f400000,0x000000041f500000] [id=11392]

Threads with active compile tasks:

VM state: not at safepoint (normal execution)

VM Mutex/Monitor currently owned by a thread: None

Heap address: 0x000000074b000000, size: 2896 MB, Compressed Oops mode: Zero based, Oop shift amount: 3

CDS archive(s) mapped at: [0x0000000800000000-0x0000000800ba0000-0x0000000800ba0000), size 12189696, SharedBaseAddress: 0x0000000800000000, ArchiveRelocationMode: 0.
Compressed class space mapped at: 0x0000000800c00000-0x0000000840c00000, reserved size: 1073741824
Narrow klass base: 0x0000000800000000, Narrow klass shift: 0, Narrow klass range: 0x100000000

GC Precious Log:
 CardTable entry size: 512
 Card Set container configuration: InlinePtr #cards 4 size 8 Array Of Cards #cards 16 size 48 Howl #buckets 8 coarsen threshold 3686 Howl Bitmap #cards 512 size 80 coarsen threshold 460 Card regions per heap region 1 cards per card region 4096
 CPUs: 16 total, 16 available
 Memory: 11583M
 Large Page Support: Disabled
 NUMA Support: Disabled
 Compressed Oops: Enabled (Zero based)
 Heap Region Size: 2M
 Heap Min Capacity: 8M
 Heap Initial Capacity: 182M
 Heap Max Capacity: 2896M
 Pre-touch: Disabled
 Parallel Workers: 13
 Concurrent Workers: 3
 Concurrent Refinement Workers: 13
 Periodic GC: Disabled

Heap:
 garbage-first heap   total 186368K, used 4096K [0x000000074b000000, 0x0000000800000000)
  region size 2048K, 3 young (6144K), 0 survivors (0K)
 Metaspace       used 1530K, committed 1664K, reserved 1114112K
  class space    used 60K, committed 128K, reserved 1048576K

Heap Regions: E=young(eden), S=young(survivor), O=old, HS=humongous(starts), HC=humongous(continues), CS=collection set, F=free, OA=open archive, CA=closed archive, TAMS=top-at-mark-start (previous, next)
|   0|0x000000074b000000, 0x000000074b000000, 0x000000074b200000|  0%| F|  |TAMS 0x000000074b000000, 0x000000074b000000| Untracked 
|   1|0x000000074b200000, 0x000000074b200000, 0x000000074b400000|  0%| F|  |TAMS 0x000000074b200000, 0x000000074b200000| Untracked 
|   2|0x000000074b400000, 0x000000074b400000, 0x000000074b600000|  0%| F|  |TAMS 0x000000074b400000, 0x000000074b400000| Untracked 
|   3|0x000000074b600000, 0x000000074b600000, 0x000000074b800000|  0%| F|  |TAMS 0x000000074b600000, 0x000000074b600000| Untracked 
|   4|0x000000074b800000, 0x000000074b800000, 0x000000074ba00000|  0%| F|  |TAMS 0x000000074b800000, 0x000000074b800000| Untracked 
|   5|0x000000074ba00000, 0x000000074ba00000, 0x000000074bc00000|  0%| F|  |TAMS 0x000000074ba00000, 0x000000074ba00000| Untracked 
|   6|0x000000074bc00000, 0x000000074bc00000, 0x000000074be00000|  0%| F|  |TAMS 0x000000074bc00000, 0x000000074bc00000| Untracked 
|   7|0x000000074be00000, 0x000000074be00000, 0x000000074c000000|  0%| F|  |TAMS 0x000000074be00000, 0x000000074be00000| Untracked 
|   8|0x000000074c000000, 0x000000074c000000, 0x000000074c200000|  0%| F|  |TAMS 0x000000074c000000, 0x000000074c000000| Untracked 
|   9|0x000000074c200000, 0x000000074c200000, 0x000000074c400000|  0%| F|  |TAMS 0x000000074c200000, 0x000000074c200000| Untracked 
|  10|0x000000074c400000, 0x000000074c400000, 0x000000074c600000|  0%| F|  |TAMS 0x000000074c400000, 0x000000074c400000| Untracked 
|  11|0x000000074c600000, 0x000000074c600000, 0x000000074c800000|  0%| F|  |TAMS 0x000000074c600000, 0x000000074c600000| Untracked 
|  12|0x000000074c800000, 0x000000074c800000, 0x000000074ca00000|  0%| F|  |TAMS 0x000000074c800000, 0x000000074c800000| Untracked 
|  13|0x000000074ca00000, 0x000000074ca00000, 0x000000074cc00000|  0%| F|  |TAMS 0x000000074ca00000, 0x000000074ca00000| Untracked 
|  14|0x000000074cc00000, 0x000000074cc00000, 0x000000074ce00000|  0%| F|  |TAMS 0x000000074cc00000, 0x000000074cc00000| Untracked 
|  15|0x000000074ce00000, 0x000000074ce00000, 0x000000074d000000|  0%| F|  |TAMS 0x000000074ce00000, 0x000000074ce00000| Untracked 
|  16|0x000000074d000000, 0x000000074d000000, 0x000000074d200000|  0%| F|  |TAMS 0x000000074d000000, 0x000000074d000000| Untracked 
|  17|0x000000074d200000, 0x000000074d200000, 0x000000074d400000|  0%| F|  |TAMS 0x000000074d200000, 0x000000074d200000| Untracked 
|  18|0x000000074d400000, 0x000000074d400000, 0x000000074d600000|  0%| F|  |TAMS 0x000000074d400000, 0x000000074d400000| Untracked 
|  19|0x000000074d600000, 0x000000074d600000, 0x000000074d800000|  0%| F|  |TAMS 0x000000074d600000, 0x000000074d600000| Untracked 
|  20|0x000000074d800000, 0x000000074d800000, 0x000000074da00000|  0%| F|  |TAMS 0x000000074d800000, 0x000000074d800000| Untracked 
|  21|0x000000074da00000, 0x000000074da00000, 0x000000074dc00000|  0%| F|  |TAMS 0x000000074da00000, 0x000000074da00000| Untracked 
|  22|0x000000074dc00000, 0x000000074dc00000, 0x000000074de00000|  0%| F|  |TAMS 0x000000074dc00000, 0x000000074dc00000| Untracked 
|  23|0x000000074de00000, 0x000000074de00000, 0x000000074e000000|  0%| F|  |TAMS 0x000000074de00000, 0x000000074de00000| Untracked 
|  24|0x000000074e000000, 0x000000074e000000, 0x000000074e200000|  0%| F|  |TAMS 0x000000074e000000, 0x000000074e000000| Untracked 
|  25|0x000000074e200000, 0x000000074e200000, 0x000000074e400000|  0%| F|  |TAMS 0x000000074e200000, 0x000000074e200000| Untracked 
|  26|0x000000074e400000, 0x000000074e400000, 0x000000074e600000|  0%| F|  |TAMS 0x000000074e400000, 0x000000074e400000| Untracked 
|  27|0x000000074e600000, 0x000000074e600000, 0x000000074e800000|  0%| F|  |TAMS 0x000000074e600000, 0x000000074e600000| Untracked 
|  28|0x000000074e800000, 0x000000074e800000, 0x000000074ea00000|  0%| F|  |TAMS 0x000000074e800000, 0x000000074e800000| Untracked 
|  29|0x000000074ea00000, 0x000000074ea00000, 0x000000074ec00000|  0%| F|  |TAMS 0x000000074ea00000, 0x000000074ea00000| Untracked 
|  30|0x000000074ec00000, 0x000000074ec00000, 0x000000074ee00000|  0%| F|  |TAMS 0x000000074ec00000, 0x000000074ec00000| Untracked 
|  31|0x000000074ee00000, 0x000000074ee00000, 0x000000074f000000|  0%| F|  |TAMS 0x000000074ee00000, 0x000000074ee00000| Untracked 
|  32|0x000000074f000000, 0x000000074f000000, 0x000000074f200000|  0%| F|  |TAMS 0x000000074f000000, 0x000000074f000000| Untracked 
|  33|0x000000074f200000, 0x000000074f200000, 0x000000074f400000|  0%| F|  |TAMS 0x000000074f200000, 0x000000074f200000| Untracked 
|  34|0x000000074f400000, 0x000000074f400000, 0x000000074f600000|  0%| F|  |TAMS 0x000000074f400000, 0x000000074f400000| Untracked 
|  35|0x000000074f600000, 0x000000074f600000, 0x000000074f800000|  0%| F|  |TAMS 0x000000074f600000, 0x000000074f600000| Untracked 
|  36|0x000000074f800000, 0x000000074f800000, 0x000000074fa00000|  0%| F|  |TAMS 0x000000074f800000, 0x000000074f800000| Untracked 
|  37|0x000000074fa00000, 0x000000074fa00000, 0x000000074fc00000|  0%| F|  |TAMS 0x000000074fa00000, 0x000000074fa00000| Untracked 
|  38|0x000000074fc00000, 0x000000074fc00000, 0x000000074fe00000|  0%| F|  |TAMS 0x000000074fc00000, 0x000000074fc00000| Untracked 
|  39|0x000000074fe00000, 0x000000074fe00000, 0x0000000750000000|  0%| F|  |TAMS 0x000000074fe00000, 0x000000074fe00000| Untracked 
|  40|0x0000000750000000, 0x0000000750000000, 0x0000000750200000|  0%| F|  |TAMS 0x0000000750000000, 0x0000000750000000| Untracked 
|  41|0x0000000750200000, 0x0000000750200000, 0x0000000750400000|  0%| F|  |TAMS 0x0000000750200000, 0x0000000750200000| Untracked 
|  42|0x0000000750400000, 0x0000000750400000, 0x0000000750600000|  0%| F|  |TAMS 0x0000000750400000, 0x0000000750400000| Untracked 
|  43|0x0000000750600000, 0x0000000750600000, 0x0000000750800000|  0%| F|  |TAMS 0x0000000750600000, 0x0000000750600000| Untracked 
|  44|0x0000000750800000, 0x0000000750800000, 0x0000000750a00000|  0%| F|  |TAMS 0x0000000750800000, 0x0000000750800000| Untracked 
|  45|0x0000000750a00000, 0x0000000750a00000, 0x0000000750c00000|  0%| F|  |TAMS 0x0000000750a00000, 0x0000000750a00000| Untracked 
|  46|0x0000000750c00000, 0x0000000750c00000, 0x0000000750e00000|  0%| F|  |TAMS 0x0000000750c00000, 0x0000000750c00000| Untracked 
|  47|0x0000000750e00000, 0x0000000750e00000, 0x0000000751000000|  0%| F|  |TAMS 0x0000000750e00000, 0x0000000750e00000| Untracked 
|  48|0x0000000751000000, 0x0000000751000000, 0x0000000751200000|  0%| F|  |TAMS 0x0000000751000000, 0x0000000751000000| Untracked 
|  49|0x0000000751200000, 0x0000000751200000, 0x0000000751400000|  0%| F|  |TAMS 0x0000000751200000, 0x0000000751200000| Untracked 
|  50|0x0000000751400000, 0x0000000751400000, 0x0000000751600000|  0%| F|  |TAMS 0x0000000751400000, 0x0000000751400000| Untracked 
|  51|0x0000000751600000, 0x0000000751600000, 0x0000000751800000|  0%| F|  |TAMS 0x0000000751600000, 0x0000000751600000| Untracked 
|  52|0x0000000751800000, 0x0000000751800000, 0x0000000751a00000|  0%| F|  |TAMS 0x0000000751800000, 0x0000000751800000| Untracked 
|  53|0x0000000751a00000, 0x0000000751a00000, 0x0000000751c00000|  0%| F|  |TAMS 0x0000000751a00000, 0x0000000751a00000| Untracked 
|  54|0x0000000751c00000, 0x0000000751c00000, 0x0000000751e00000|  0%| F|  |TAMS 0x0000000751c00000, 0x0000000751c00000| Untracked 
|  55|0x0000000751e00000, 0x0000000751e00000, 0x0000000752000000|  0%| F|  |TAMS 0x0000000751e00000, 0x0000000751e00000| Untracked 
|  56|0x0000000752000000, 0x0000000752000000, 0x0000000752200000|  0%| F|  |TAMS 0x0000000752000000, 0x0000000752000000| Untracked 
|  57|0x0000000752200000, 0x0000000752200000, 0x0000000752400000|  0%| F|  |TAMS 0x0000000752200000, 0x0000000752200000| Untracked 
|  58|0x0000000752400000, 0x0000000752400000, 0x0000000752600000|  0%| F|  |TAMS 0x0000000752400000, 0x0000000752400000| Untracked 
|  59|0x0000000752600000, 0x0000000752600000, 0x0000000752800000|  0%| F|  |TAMS 0x0000000752600000, 0x0000000752600000| Untracked 
|  60|0x0000000752800000, 0x0000000752800000, 0x0000000752a00000|  0%| F|  |TAMS 0x0000000752800000, 0x0000000752800000| Untracked 
|  61|0x0000000752a00000, 0x0000000752a00000, 0x0000000752c00000|  0%| F|  |TAMS 0x0000000752a00000, 0x0000000752a00000| Untracked 
|  62|0x0000000752c00000, 0x0000000752c00000, 0x0000000752e00000|  0%| F|  |TAMS 0x0000000752c00000, 0x0000000752c00000| Untracked 
|  63|0x0000000752e00000, 0x0000000752e00000, 0x0000000753000000|  0%| F|  |TAMS 0x0000000752e00000, 0x0000000752e00000| Untracked 
|  64|0x0000000753000000, 0x0000000753000000, 0x0000000753200000|  0%| F|  |TAMS 0x0000000753000000, 0x0000000753000000| Untracked 
|  65|0x0000000753200000, 0x0000000753200000, 0x0000000753400000|  0%| F|  |TAMS 0x0000000753200000, 0x0000000753200000| Untracked 
|  66|0x0000000753400000, 0x0000000753400000, 0x0000000753600000|  0%| F|  |TAMS 0x0000000753400000, 0x0000000753400000| Untracked 
|  67|0x0000000753600000, 0x0000000753600000, 0x0000000753800000|  0%| F|  |TAMS 0x0000000753600000, 0x0000000753600000| Untracked 
|  68|0x0000000753800000, 0x0000000753800000, 0x0000000753a00000|  0%| F|  |TAMS 0x0000000753800000, 0x0000000753800000| Untracked 
|  69|0x0000000753a00000, 0x0000000753a00000, 0x0000000753c00000|  0%| F|  |TAMS 0x0000000753a00000, 0x0000000753a00000| Untracked 
|  70|0x0000000753c00000, 0x0000000753c00000, 0x0000000753e00000|  0%| F|  |TAMS 0x0000000753c00000, 0x0000000753c00000| Untracked 
|  71|0x0000000753e00000, 0x0000000753e00000, 0x0000000754000000|  0%| F|  |TAMS 0x0000000753e00000, 0x0000000753e00000| Untracked 
|  72|0x0000000754000000, 0x0000000754000000, 0x0000000754200000|  0%| F|  |TAMS 0x0000000754000000, 0x0000000754000000| Untracked 
|  73|0x0000000754200000, 0x0000000754200000, 0x0000000754400000|  0%| F|  |TAMS 0x0000000754200000, 0x0000000754200000| Untracked 
|  74|0x0000000754400000, 0x0000000754400000, 0x0000000754600000|  0%| F|  |TAMS 0x0000000754400000, 0x0000000754400000| Untracked 
|  75|0x0000000754600000, 0x0000000754600000, 0x0000000754800000|  0%| F|  |TAMS 0x0000000754600000, 0x0000000754600000| Untracked 
|  76|0x0000000754800000, 0x0000000754800000, 0x0000000754a00000|  0%| F|  |TAMS 0x0000000754800000, 0x0000000754800000| Untracked 
|  77|0x0000000754a00000, 0x0000000754a00000, 0x0000000754c00000|  0%| F|  |TAMS 0x0000000754a00000, 0x0000000754a00000| Untracked 
|  78|0x0000000754c00000, 0x0000000754c00000, 0x0000000754e00000|  0%| F|  |TAMS 0x0000000754c00000, 0x0000000754c00000| Untracked 
|  79|0x0000000754e00000, 0x0000000754e00000, 0x0000000755000000|  0%| F|  |TAMS 0x0000000754e00000, 0x0000000754e00000| Untracked 
|  80|0x0000000755000000, 0x0000000755000000, 0x0000000755200000|  0%| F|  |TAMS 0x0000000755000000, 0x0000000755000000| Untracked 
|  81|0x0000000755200000, 0x0000000755200000, 0x0000000755400000|  0%| F|  |TAMS 0x0000000755200000, 0x0000000755200000| Untracked 
|  82|0x0000000755400000, 0x0000000755400000, 0x0000000755600000|  0%| F|  |TAMS 0x0000000755400000, 0x0000000755400000| Untracked 
|  83|0x0000000755600000, 0x0000000755600000, 0x0000000755800000|  0%| F|  |TAMS 0x0000000755600000, 0x0000000755600000| Untracked 
|  84|0x0000000755800000, 0x0000000755800000, 0x0000000755a00000|  0%| F|  |TAMS 0x0000000755800000, 0x0000000755800000| Untracked 
|  85|0x0000000755a00000, 0x0000000755a00000, 0x0000000755c00000|  0%| F|  |TAMS 0x0000000755a00000, 0x0000000755a00000| Untracked 
|  86|0x0000000755c00000, 0x0000000755c00000, 0x0000000755e00000|  0%| F|  |TAMS 0x0000000755c00000, 0x0000000755c00000| Untracked 
|  87|0x0000000755e00000, 0x0000000755e00000, 0x0000000756000000|  0%| F|  |TAMS 0x0000000755e00000, 0x0000000755e00000| Untracked 
|  88|0x0000000756000000, 0x00000007560aacc0, 0x0000000756200000| 33%| E|  |TAMS 0x0000000756000000, 0x0000000756000000| Complete 
|  89|0x0000000756200000, 0x0000000756400000, 0x0000000756400000|100%| E|CS|TAMS 0x0000000756200000, 0x0000000756200000| Complete 
|  90|0x0000000756400000, 0x0000000756600000, 0x0000000756600000|100%| E|CS|TAMS 0x0000000756400000, 0x0000000756400000| Complete 

Card table byte_map: [0x0000019650d50000,0x0000019651300000] _byte_map_base: 0x000001964d2f8000

Marking Bits (Prev, Next): (CMBitMap*) 0x000001963771d7f0, (CMBitMap*) 0x000001963771d830
 Prev Bits: [0x00000196518b0000, 0x00000196545f0000)
 Next Bits: [0x00000196545f0000, 0x0000019657330000)

Polling page: 0x0000019637790000

Metaspace:

Usage:
  Non-class:      1.44 MB used.
      Class:     60.59 KB used.
       Both:      1.49 MB used.

Virtual space:
  Non-class space:       64.00 MB reserved,       1.50 MB (  2%) committed,  1 nodes.
      Class space:        1.00 GB reserved,     128.00 KB ( <1%) committed,  1 nodes.
             Both:        1.06 GB reserved,       1.62 MB ( <1%) committed. 

Chunk freelists:
   Non-Class:  3.19 MB
       Class:  3.73 MB
        Both:  6.91 MB

MaxMetaspaceSize: unlimited
CompressedClassSpaceSize: 1.00 GB
Initial GC threshold: 21.00 MB
Current GC threshold: 21.00 MB
CDS: on
MetaspaceReclaimPolicy: balanced
 - commit_granule_bytes: 65536.
 - commit_granule_words: 8192.
 - virtual_space_node_default_size: 8388608.
 - enlarge_chunks_in_place: 1.
 - new_chunks_are_fully_committed: 0.
 - uncommit_free_chunks: 1.
 - use_allocation_guard: 0.


Internal statistics:

num_allocs_failed_limit: 0.
num_arena_births: 24.
num_arena_deaths: 0.
num_vsnodes_births: 2.
num_vsnodes_deaths: 0.
num_space_committed: 26.
num_space_uncommitted: 0.
num_chunks_returned_to_freelist: 0.
num_chunks_taken_from_freelist: 57.
num_chunk_merges: 0.
num_chunk_splits: 41.
num_chunks_enlarged: 33.
num_inconsistent_stats: 0.

CodeHeap 'non-profiled nmethods': size=119168Kb used=80Kb max_used=80Kb free=119087Kb
 bounds [0x0000019648370000, 0x00000196485e0000, 0x000001964f7d0000]
CodeHeap 'profiled nmethods': size=119104Kb used=299Kb max_used=299Kb free=118804Kb
 bounds [0x0000019640f20000, 0x0000019641190000, 0x0000019648370000]
CodeHeap 'non-nmethods': size=7488Kb used=2893Kb max_used=2893Kb free=4594Kb
 bounds [0x00000196407d0000, 0x0000019640ab0000, 0x0000019640f20000]
 total_blobs=768 nmethods=266 adapters=412
 compilation: enabled
              stopped_count=0, restarted_count=0
 full_count=0

Compilation events (20 events):
Event: 0.120 Thread 0x000001965a30c780 nmethod 254 0x0000019640f67110 code [0x0000019640f672c0, 0x0000019640f67558]
Event: 0.120 Thread 0x000001965e58ec20 nmethod 255 0x0000019640f67610 code [0x0000019640f67800, 0x0000019640f67d58]
Event: 0.122 Thread 0x000001965e58ec20  256       3       java.lang.StringLatin1::lastIndexOf (40 bytes)
Event: 0.123 Thread 0x000001965e58ec20 nmethod 256 0x0000019640f67f90 code [0x0000019640f68160, 0x0000019640f68558]
Event: 0.124 Thread 0x000001965a30ae80  257       4       java.lang.Object::<init> (1 bytes)
Event: 0.124 Thread 0x000001965a30ae80 nmethod 257 0x0000019648383190 code [0x0000019648383300, 0x00000196483833b8]
Event: 0.125 Thread 0x000001965e591130  258       3       java.lang.String::checkBoundsOffCount (11 bytes)
Event: 0.125 Thread 0x000001965e58ec20  259       3       java.lang.String::isLatin1 (19 bytes)
Event: 0.125 Thread 0x000001965e58ec20 nmethod 259 0x0000019640f68690 code [0x0000019640f68820, 0x0000019640f68998]
Event: 0.125 Thread 0x000001965e591130 nmethod 258 0x0000019640f68a10 code [0x0000019640f68bc0, 0x0000019640f68de8]
Event: 0.128 Thread 0x000001965e591130  261       3       java.lang.StringLatin1::replace (198 bytes)
Event: 0.129 Thread 0x000001965e591130 nmethod 261 0x0000019640f68f10 code [0x0000019640f691a0, 0x0000019640f69f28]
Event: 0.134 Thread 0x000001965e591130  262       1       java.lang.invoke.MethodTypeForm::erasedType (5 bytes)
Event: 0.134 Thread 0x000001965e591130 nmethod 262 0x0000019648383790 code [0x0000019648383920, 0x00000196483839f8]
Event: 0.180 Thread 0x000001965e591130  264       1       java.util.zip.Inflater$InflaterZStreamRef::address (5 bytes)
Event: 0.181 Thread 0x000001965e591130 nmethod 264 0x0000019648383d90 code [0x0000019648383f20, 0x0000019648383ff8]
Event: 0.187 Thread 0x000001965e591130  265       3       java.lang.StringLatin1::inflate (34 bytes)
Event: 0.187 Thread 0x000001965e591130 nmethod 265 0x0000019640f6a410 code [0x0000019640f6a5c0, 0x0000019640f6a7d8]
Event: 0.187 Thread 0x000001965e591130  266       3       java.lang.AbstractStringBuilder::<init> (39 bytes)
Event: 0.187 Thread 0x000001965e591130 nmethod 266 0x0000019640f6a990 code [0x0000019640f6ab40, 0x0000019640f6add8]

GC Heap History (0 events):
No events

Deoptimization events (8 events):
Event: 0.120 Thread 0x00000196376c1b10 Uncommon trap: trap_request=0xffffff45 fr.pc=0x000001964837e25c relative=0x000000000000005c
Event: 0.120 Thread 0x00000196376c1b10 Uncommon trap: reason=unstable_if action=reinterpret pc=0x000001964837e25c method=java.lang.String.isLatin1()Z @ 10 c2
Event: 0.120 Thread 0x00000196376c1b10 DEOPT PACKING pc=0x000001964837e25c sp=0x000000041effe200
Event: 0.120 Thread 0x00000196376c1b10 DEOPT UNPACKING pc=0x00000196408223a3 sp=0x000000041effe190 mode 2
Event: 0.120 Thread 0x00000196376c1b10 Uncommon trap: trap_request=0xffffff45 fr.pc=0x000001964837f130 relative=0x00000000000000b0
Event: 0.120 Thread 0x00000196376c1b10 Uncommon trap: reason=unstable_if action=reinterpret pc=0x000001964837f130 method=java.lang.String.isLatin1()Z @ 10 c2
Event: 0.120 Thread 0x00000196376c1b10 DEOPT PACKING pc=0x000001964837f130 sp=0x000000041effec10
Event: 0.120 Thread 0x00000196376c1b10 DEOPT UNPACKING pc=0x00000196408223a3 sp=0x000000041effeb50 mode 2

Classes loaded (20 events):
Event: 0.133 Loading class sun/nio/ch/NativeThread
Event: 0.133 Loading class sun/nio/ch/NativeThread done
Event: 0.134 Loading class java/io/BufferedReader
Event: 0.134 Loading class java/io/BufferedReader done
Event: 0.134 Loading class java/net/Socket$SocketInputStream
Event: 0.134 Loading class java/net/Socket$SocketInputStream done
Event: 0.134 Loading class sun/nio/ch/NioSocketImpl$1
Event: 0.134 Loading class sun/nio/ch/NioSocketImpl$1 done
Event: 0.134 Loading class sun/nio/cs/StreamDecoder
Event: 0.134 Loading class sun/nio/cs/StreamDecoder done
Event: 0.135 Loading class sun/nio/cs/US_ASCII$Decoder
Event: 0.147 Loading class sun/nio/cs/US_ASCII$Decoder done
Event: 0.147 Loading class sun/nio/ch/Util
Event: 0.147 Loading class sun/nio/ch/Util done
Event: 0.147 Loading class sun/nio/ch/Util$1
Event: 0.147 Loading class sun/nio/ch/Util$1 done
Event: 0.147 Loading class sun/nio/ch/Util$BufferCache
Event: 0.147 Loading class sun/nio/ch/Util$BufferCache done
Event: 0.147 Loading class java/nio/DirectByteBuffer$Deallocator
Event: 0.147 Loading class java/nio/DirectByteBuffer$Deallocator done

Classes unloaded (0 events):
No events

Classes redefined (0 events):
No events

Internal exceptions (3 events):
Event: 0.110 Thread 0x00000196376c1b10 Exception <a 'java/lang/NoSuchMethodError'{0x00000007563377d0}: 'void java.lang.invoke.DirectMethodHandle$Holder.invokeStatic(java.lang.Object, java.lang.Object, java.lang.Object)'> (0x00000007563377d0) 
thrown [s\open\src\hotspot\share\interpreter\linkResolver.cpp, line 766]
Event: 0.113 Thread 0x00000196376c1b10 Exception <a 'java/lang/NoSuchMethodError'{0x00000007563504e8}: 'java.lang.Object java.lang.invoke.Invokers$Holder.invokeExact_MT(java.lang.Object, java.lang.Object, java.lang.Object, java.lang.Object, java.lang.Object)'> (0x00000007563504e8) 
thrown [s\open\src\hotspot\share\interpreter\linkResolver.cpp, line 766]
Event: 0.127 Thread 0x000001965e73a470 Exception <a 'java/lang/NoSuchMethodError'{0x000000075638aa38}: 'void java.lang.invoke.DirectMethodHandle$Holder.invokeStatic(java.lang.Object, java.lang.Object)'> (0x000000075638aa38) 
thrown [s\open\src\hotspot\share\interpreter\linkResolver.cpp, line 766]

VM Operations (6 events):
Event: 0.065 Executing VM operation: HandshakeAllThreads
Event: 0.065 Executing VM operation: HandshakeAllThreads done
Event: 0.121 Executing VM operation: HandshakeAllThreads
Event: 0.121 Executing VM operation: HandshakeAllThreads done
Event: 0.122 Executing VM operation: HandshakeAllThreads
Event: 0.123 Executing VM operation: HandshakeAllThreads done

Events (20 events):
Event: 0.036 Thread 0x000001965a304880 Thread added: 0x000001965a304880
Event: 0.036 Thread 0x000001965a305130 Thread added: 0x000001965a305130
Event: 0.036 Thread 0x000001965a3059e0 Thread added: 0x000001965a3059e0
Event: 0.036 Thread 0x000001965a30a2a0 Thread added: 0x000001965a30a2a0
Event: 0.036 Thread 0x000001965a30ae80 Thread added: 0x000001965a30ae80
Event: 0.036 Thread 0x000001965a30c780 Thread added: 0x000001965a30c780
Event: 0.037 Thread 0x000001965a31e1d0 Thread added: 0x000001965a31e1d0
Event: 0.059 Thread 0x000001965e586f00 Thread added: 0x000001965e586f00
Event: 0.065 Thread 0x000001965e58ec20 Thread added: 0x000001965e58ec20
Event: 0.066 Thread 0x000001965e591130 Thread added: 0x000001965e591130
Event: 0.066 Thread 0x000001965e5c19e0 Thread added: 0x000001965e5c19e0
Event: 0.075 Loaded shared library C:\Program Files\Java\jdk-18.0.1.1\bin\zip.dll
Event: 0.078 Loaded shared library C:\Program Files\Java\jdk-18.0.1.1\bin\instrument.dll
Event: 0.084 Loaded shared library C:\Program Files\Java\jdk-18.0.1.1\bin\net.dll
Event: 0.086 Loaded shared library C:\Program Files\Java\jdk-18.0.1.1\bin\nio.dll
Event: 0.091 Loaded shared library C:\Program Files\Java\jdk-18.0.1.1\bin\zip.dll
Event: 0.118 Loaded shared library C:\Program Files\JetBrains\IntelliJ IDEA Community Edition 2022.2\bin\breakgen64.dll
Event: 0.119 Thread 0x000001965e73a470 Thread added: 0x000001965e73a470
Event: 0.119 Thread 0x000001965e743dc0 Thread added: 0x000001965e743dc0
Event: 0.179 Loaded shared library C:\Program Files\OpenBabel-3.1.1\openbabel_java.dll


Dynamic libraries:
0x00007ff778890000 - 0x00007ff7788a0000 	C:\Program Files\Java\jdk-18.0.1.1\bin\java.exe
0x00007fff370c0000 - 0x00007fff372c9000 	C:\windows\SYSTEM32\ntdll.dll
0x00007fff35f90000 - 0x00007fff3604d000 	C:\windows\System32\KERNEL32.DLL
0x00007fff34660000 - 0x00007fff349dc000 	C:\windows\System32\KERNELBASE.dll
0x00007fff34c90000 - 0x00007fff34da1000 	C:\windows\System32\ucrtbase.dll
0x00007ffef9220000 - 0x00007ffef923a000 	C:\Program Files\Java\jdk-18.0.1.1\bin\VCRUNTIME140.dll
0x00007fff08120000 - 0x00007fff08138000 	C:\Program Files\Java\jdk-18.0.1.1\bin\jli.dll
0x00007fff35ee0000 - 0x00007fff35f8e000 	C:\windows\System32\ADVAPI32.dll
0x00007fff36fd0000 - 0x00007fff37073000 	C:\windows\System32\msvcrt.dll
0x00007fff35a10000 - 0x00007fff35aae000 	C:\windows\System32\sechost.dll
0x00007fff35c10000 - 0x00007fff35d30000 	C:\windows\System32\RPCRT4.dll
0x00007fff36810000 - 0x00007fff369bd000 	C:\windows\System32\USER32.dll
0x00007fff14570000 - 0x00007fff14815000 	C:\windows\WinSxS\amd64_microsoft.windows.common-controls_6595b64144ccf1df_6.0.22000.120_none_9d947278b86cc467\COMCTL32.dll
0x00007fff34f20000 - 0x00007fff34f46000 	C:\windows\System32\win32u.dll
0x00007fff35be0000 - 0x00007fff35c09000 	C:\windows\System32\GDI32.dll
0x00007fff34b70000 - 0x00007fff34c89000 	C:\windows\System32\gdi32full.dll
0x00007fff34ad0000 - 0x00007fff34b6d000 	C:\windows\System32\msvcp_win.dll
0x00007fff2d450000 - 0x00007fff2d45a000 	C:\windows\SYSTEM32\VERSION.dll
0x00007fff35ba0000 - 0x00007fff35bd1000 	C:\windows\System32\IMM32.DLL
0x00007fff04a70000 - 0x00007fff04a7c000 	C:\Program Files\Java\jdk-18.0.1.1\bin\vcruntime140_1.dll
0x00007ffef8af0000 - 0x00007ffef8b7d000 	C:\Program Files\Java\jdk-18.0.1.1\bin\msvcp140.dll
0x00007ffebd5f0000 - 0x00007ffebe200000 	C:\Program Files\Java\jdk-18.0.1.1\bin\server\jvm.dll
0x00007fff36ab0000 - 0x00007fff36ab8000 	C:\windows\System32\PSAPI.DLL
0x00007fff2dad0000 - 0x00007fff2dad9000 	C:\windows\SYSTEM32\WSOCK32.dll
0x00007fff22390000 - 0x00007fff223c3000 	C:\windows\SYSTEM32\WINMM.dll
0x00007fff36c10000 - 0x00007fff36c7f000 	C:\windows\System32\WS2_32.dll
0x00007fff33780000 - 0x00007fff33798000 	C:\windows\SYSTEM32\kernel.appcore.dll
0x00007ffef9c10000 - 0x00007ffef9c1a000 	C:\Program Files\Java\jdk-18.0.1.1\bin\jimage.dll
0x00007fff31b70000 - 0x00007fff31d91000 	C:\windows\SYSTEM32\DBGHELP.DLL
0x00007fff249e0000 - 0x00007fff24a11000 	C:\windows\SYSTEM32\dbgcore.DLL
0x00007fff349e0000 - 0x00007fff34a5f000 	C:\windows\System32\bcryptPrimitives.dll
0x00007ffef8ef0000 - 0x00007ffef8efe000 	C:\Program Files\Java\jdk-18.0.1.1\bin\instrument.dll
0x00007ffef91f0000 - 0x00007ffef9215000 	C:\Program Files\Java\jdk-18.0.1.1\bin\java.dll
0x00007ffeee880000 - 0x00007ffeee956000 	C:\Program Files\Java\jdk-18.0.1.1\bin\jsvml.dll
0x00007fff36050000 - 0x00007fff36808000 	C:\windows\System32\SHELL32.dll
0x00007fff32710000 - 0x00007fff32f78000 	C:\windows\SYSTEM32\windows.storage.dll
0x00007fff350a0000 - 0x00007fff35419000 	C:\windows\System32\combase.dll
0x00007fff325a0000 - 0x00007fff32706000 	C:\windows\SYSTEM32\wintypes.dll
0x00007fff34f50000 - 0x00007fff3503a000 	C:\windows\System32\SHCORE.dll
0x00007fff36c80000 - 0x00007fff36cdd000 	C:\windows\System32\shlwapi.dll
0x00007fff344d0000 - 0x00007fff344f1000 	C:\windows\SYSTEM32\profapi.dll
0x00007ffef58b0000 - 0x00007ffef58c8000 	C:\Program Files\Java\jdk-18.0.1.1\bin\zip.dll
0x00007ffef58f0000 - 0x00007ffef5903000 	C:\Program Files\Java\jdk-18.0.1.1\bin\net.dll
0x00007fff2fa20000 - 0x00007fff2fb2c000 	C:\windows\SYSTEM32\WINHTTP.dll
0x00007fff33bb0000 - 0x00007fff33c17000 	C:\windows\system32\mswsock.dll
0x00007ffef58d0000 - 0x00007ffef58e6000 	C:\Program Files\Java\jdk-18.0.1.1\bin\nio.dll
0x00007ffef1470000 - 0x00007ffef148a000 	C:\Program Files\JetBrains\IntelliJ IDEA Community Edition 2022.2\bin\breakgen64.dll
0x00007ffeee040000 - 0x00007ffeee113000 	C:\Program Files\OpenBabel-3.1.1\openbabel_java.dll
0x00007ffed0e50000 - 0x00007ffed1076000 	C:\Program Files\OpenBabel-3.1.1\openbabel-3.dll
0x00007ffef1450000 - 0x00007ffef146a000 	C:\Program Files\OpenBabel-3.1.1\zlib1.dll
0x00007ffed52b0000 - 0x00007ffed5306000 	C:\Program Files\OpenBabel-3.1.1\formats_common.obf
0x00007ffed5190000 - 0x00007ffed52a2000 	C:\Program Files\OpenBabel-3.1.1\libinchi.dll
0x00007ffed3b00000 - 0x00007ffed3b96000 	C:\Program Files\OpenBabel-3.1.1\formats_compchem.obf
0x00007ffeef320000 - 0x00007ffeef344000 	C:\Program Files\OpenBabel-3.1.1\formats_json.obf
0x00007ffed2a70000 - 0x00007ffed2ba6000 	C:\Program Files\OpenBabel-3.1.1\formats_misc.obf
0x00007ffef1440000 - 0x00007ffef1449000 	C:\Program Files\OpenBabel-3.1.1\xdr.dll
0x00007ffed1d20000 - 0x00007ffed1e0f000 	C:\windows\SYSTEM32\MSVCR120.dll
0x00007ffeee010000 - 0x00007ffeee03f000 	C:\Program Files\OpenBabel-3.1.1\formats_utility.obf
0x00007ffed5150000 - 0x00007ffed5183000 	C:\Program Files\OpenBabel-3.1.1\formats_xml.obf
0x0000000180000000 - 0x000000018014b000 	C:\Program Files\OpenBabel-3.1.1\libxml2.dll
0x00007ffed1580000 - 0x00007ffed1669000 	C:\Program Files\OpenBabel-3.1.1\libiconv.dll
0x00007ffef03c0000 - 0x00007ffef03c7000 	C:\Program Files\OpenBabel-3.1.1\libcharset.dll
0x000000005e5d0000 - 0x000000005e673000 	C:\windows\WinSxS\amd64_microsoft.vc90.crt_1fc8b3b9a1e18e3b_9.0.30729.9635_none_08e2c157a83ed5da\MSVCR90.dll
0x00007ffed4290000 - 0x00007ffed42c8000 	C:\Program Files\OpenBabel-3.1.1\plugin_charges.obf
0x00007ffee3480000 - 0x00007ffee3495000 	C:\Program Files\OpenBabel-3.1.1\plugin_descriptors.obf
0x00007ffee1f70000 - 0x00007ffee1f89000 	C:\Program Files\OpenBabel-3.1.1\plugin_fingerprints.obf
0x00007ffed0dc0000 - 0x00007ffed0e41000 	C:\Program Files\OpenBabel-3.1.1\plugin_forcefields.obf
0x00007ffed3a00000 - 0x00007ffed3a3c000 	C:\Program Files\OpenBabel-3.1.1\plugin_ops.obf

dbghelp: loaded successfully - version: 4.0.5 - missing functions: none
symbol engine: initialized successfully - sym options: 0x614 - pdb path: .;C:\Program Files\Java\jdk-18.0.1.1\bin;C:\windows\SYSTEM32;C:\windows\WinSxS\amd64_microsoft.windows.common-controls_6595b64144ccf1df_6.0.22000.120_none_9d947278b86cc467;C:\Program Files\Java\jdk-18.0.1.1\bin\server;C:\Program Files\JetBrains\IntelliJ IDEA Community Edition 2022.2\bin;C:\Program Files\OpenBabel-3.1.1;C:\windows\WinSxS\amd64_microsoft.vc90.crt_1fc8b3b9a1e18e3b_9.0.30729.9635_none_08e2c157a83ed5da

VM Arguments:
jvm_args: -javaagent:C:\Program Files\JetBrains\IntelliJ IDEA Community Edition 2022.2\lib\idea_rt.jar=50912:C:\Program Files\JetBrains\IntelliJ IDEA Community Edition 2022.2\bin -Dfile.encoding=UTF-8 -Dsun.stdout.encoding=UTF-8 -Dsun.stderr.encoding=UTF-8 
java_command: scripts.test.openbabel.OBConvert
java_class_path (initial): C:\Users\bryce\IdeaProjects\DFT_Pipeline\out\production\DFT_Pipeline;C:\Users\bryce\.m2\repository\org\jetbrains\annotations\20.1.0\annotations-20.1.0.jar;C:\Users\bryce\.m2\repository\uk\ac\cam\ch\opsin\opsin-core\2.7.0\opsin-core-2.7.0.jar;C:\Users\bryce\.m2\repository\dk\brics\automaton\1.12-4\automaton-1.12-4.jar;C:\Users\bryce\.m2\repository\com\fasterxml\woodstox\woodstox-core\6.3.0\woodstox-core-6.3.0.jar;C:\Users\bryce\.m2\repository\org\codehaus\woodstox\stax2-api\4.2.1\stax2-api-4.2.1.jar;C:\Users\bryce\.m2\repository\commons-io\commons-io\2.11.0\commons-io-2.11.0.jar;C:\Users\bryce\.m2\repository\org\apache\logging\log4j\log4j-api\2.18.0\log4j-api-2.18.0.jar;C:\Users\bryce\.m2\repository\org\apache\logging\log4j\log4j-core\2.18.0\log4j-core-2.18.0.jar;C:\Program Files\OpenBabel-3.1.1\openbabel.jar
Launcher Type: SUN_STANDARD

[Global flags]
     intx CICompilerCount                          = 12                                        {product} {ergonomic}
     uint ConcGCThreads                            = 3                                         {product} {ergonomic}
     uint G1ConcRefinementThreads                  = 13                                        {product} {ergonomic}
   size_t G1HeapRegionSize                         = 2097152                                   {product} {ergonomic}
    uintx GCDrainStackTargetSize                   = 64                                        {product} {ergonomic}
   size_t InitialHeapSize                          = 190840832                                 {product} {ergonomic}
   size_t MarkStackSize                            = 4194304                                   {product} {ergonomic}
   size_t MaxHeapSize                              = 3036676096                                {product} {ergonomic}
   size_t MaxNewSize                               = 1820327936                                {product} {ergonomic}
   size_t MinHeapDeltaBytes                        = 2097152                                   {product} {ergonomic}
   size_t MinHeapSize                              = 8388608                                   {product} {ergonomic}
    uintx NonNMethodCodeHeapSize                   = 7602480                                {pd product} {ergonomic}
    uintx NonProfiledCodeHeapSize                  = 122027880                              {pd product} {ergonomic}
    uintx ProfiledCodeHeapSize                     = 122027880                              {pd product} {ergonomic}
    uintx ReservedCodeCacheSize                    = 251658240                              {pd product} {ergonomic}
     bool SegmentedCodeCache                       = true                                      {product} {ergonomic}
   size_t SoftMaxHeapSize                          = 3036676096                             {manageable} {ergonomic}
     bool UseCompressedClassPointers               = true                           {product lp64_product} {ergonomic}
     bool UseCompressedOops                        = true                           {product lp64_product} {ergonomic}
     bool UseG1GC                                  = true                                      {product} {ergonomic}
     bool UseLargePagesIndividualAllocation        = false                                  {pd product} {ergonomic}

Logging:
Log output configuration:
 #0: stdout all=warning uptime,level,tags foldmultilines=false
 #1: stderr all=off uptime,level,tags foldmultilines=false

Environment Variables:
PATH=C:\Program Files\Microsoft\jdk-11.0.12.7-hotspot\bin;C:\Program Files\Common Files\Oracle\Java\javapath;C:\Program Files (x86)\Common Files\Oracle\Java\javapath;C:\Program Files\Microsoft MPI\Bin\;C:\windows\system32;C:\windows;C:\windows\System32\Wbem;C:\windows\System32\WindowsPowerShell\v1.0\;C:\windows\System32\OpenSSH\;C:\Program Files\PuTTY\;C:\Program Files\Git\cmd;C:\Program Files\PowerShell\7\;C:\Program Files\OpenBabel-3.1.1;C:\Users\bryce\AppData\Local\Programs\Python\Python310\Scripts\;C:\Users\bryce\AppData\Local\Programs\Python\Python310\;C:\Users\bryce\AppData\Local\Microsoft\WindowsApps;C:\Program Files\JetBrains\IntelliJ IDEA Community Edition 2022.2\bin;;C:\Users\bryce\AppData\Local\GitHubDesktop\bin
USERNAME=bryce
OS=Windows_NT
PROCESSOR_IDENTIFIER=AMD64 Family 23 Model 104 Stepping 1, AuthenticAMD



---------------  S Y S T E M  ---------------

OS:
 Windows 11 , 64 bit Build 22000 (10.0.22000.708)
OS uptime: 0 days 3:13 hours

CPU: total 16 (initial active 16) (16 cores per cpu, 2 threads per core) family 23 model 104 stepping 1 microcode 0x0, cx8, cmov, fxsr, ht, mmx, 3dnowpref, sse, sse2, sse3, ssse3, sse4a, sse4.1, sse4.2, popcnt, lzcnt, tsc, tscinvbit, avx, avx2, aes, clmul, bmi1, bmi2, adx, sha, fma, vzeroupper, clflush, clflushopt

Memory: 4k page, system-wide physical 11583M (3940M free)
TotalPageFile size 20799M (AvailPageFile size 8766M)
current process WorkingSet (physical memory assigned to process): 49M, peak: 49M
current process commit charge ("private bytes"): 289M, peak: 289M

vm_info: Java HotSpot(TM) 64-Bit Server VM (18.0.1.1+2-6) for windows-amd64 JRE (18.0.1.1+2-6), built on Apr 25 2022 21:53:15 by "mach5one" with MS VC++ 16.8 / 16.9 (VS2019)

END.
